[02:05:19.662] INF UnicodeDecomposer: INGEST_PATH source=UnicodeDecomposer ecosystem_path=/vault/Data/UCD/Public/UCD/latest exists=True
[02:05:19.666] INF UnicodeDecomposer: INGEST_START source=UnicodeDecomposer layer=0 unit_type=codepoints input_units=1114112 files=0
[02:05:31.511] INF UnicodeDecomposer: INGEST_BATCH source=UnicodeDecomposer intents=1 rows=510501 rows_new=88232e+65498p+379422a elapsed_ms=11,100 rate_rows_s=45,993 round_trips=13
INGEST_PROGRESS source=UnicodeDecomposer layer=0 unit_type=codepoints input=65536/1114112 input_pct=5.9  rows_new=533,152 rate_rows_s=44,272 round_trips=13 elapsed_s=12 status=running
[02:05:41.393] INF UnicodeDecomposer: INGEST_BATCH source=UnicodeDecomposer intents=1 rows=359612 rows_new=99172e+65536p+228232a elapsed_ms=9,519 rate_rows_s=37,778 round_trips=13
INGEST_PROGRESS source=UnicodeDecomposer layer=0 unit_type=codepoints input=131072/1114112 input_pct=11.8  rows_new=926,092 rate_rows_s=42,239 round_trips=26 elapsed_s=22 status=running
[02:05:52.590] INF UnicodeDecomposer: INGEST_BATCH source=UnicodeDecomposer intents=1 rows=449340 rows_new=66613e+65536p+317841a elapsed_ms=10,978 rate_rows_s=40,929 round_trips=13
INGEST_PROGRESS source=UnicodeDecomposer layer=0 unit_type=codepoints input=196608/1114112 input_pct=17.6  rows_new=1,376,082 rate_rows_s=41,548 round_trips=39 elapsed_s=33 status=running
[02:05:59.903] INF UnicodeDecomposer: INGEST_BATCH source=UnicodeDecomposer intents=1 rows=302452 rows_new=65536e+65536p+171380a elapsed_ms=7,159 rate_rows_s=42,249 round_trips=11
INGEST_PROGRESS source=UnicodeDecomposer layer=0 unit_type=codepoints input=262144/1114112 input_pct=23.5  rows_new=1,678,534 rate_rows_s=41,513 round_trips=50 elapsed_s=40 status=running
[02:06:05.894] INF UnicodeDecomposer: INGEST_BATCH source=UnicodeDecomposer intents=2 rows=262148 rows_new=131072e+131072p+4a elapsed_ms=5,989 rate_rows_s=43,769 round_trips=11
INGEST_PROGRESS source=UnicodeDecomposer layer=0 unit_type=codepoints input=393216/1114112 input_pct=35.3  rows_new=1,940,682 rate_rows_s=41,803 round_trips=61 elapsed_s=46 status=running
[02:06:11.924] INF UnicodeDecomposer: INGEST_BATCH source=UnicodeDecomposer intents=2 rows=262148 rows_new=131072e+131072p+4a elapsed_ms=6,029 rate_rows_s=43,484 round_trips=11
INGEST_PROGRESS source=UnicodeDecomposer layer=0 unit_type=codepoints input=524288/1114112 input_pct=47.1  rows_new=2,202,830 rate_rows_s=41,995 round_trips=72 elapsed_s=52 status=running
[02:06:18.236] INF UnicodeDecomposer: INGEST_BATCH source=UnicodeDecomposer intents=2 rows=262148 rows_new=131072e+131072p+4a elapsed_ms=6,310 rate_rows_s=41,543 round_trips=11
INGEST_PROGRESS source=UnicodeDecomposer layer=0 unit_type=codepoints input=655360/1114112 input_pct=58.8  rows_new=2,464,978 rate_rows_s=41,945 round_trips=83 elapsed_s=59 status=running
[02:06:24.276] INF UnicodeDecomposer: INGEST_BATCH source=UnicodeDecomposer intents=2 rows=262148 rows_new=131072e+131072p+4a elapsed_ms=6,037 rate_rows_s=43,421 round_trips=11
INGEST_PROGRESS source=UnicodeDecomposer layer=0 unit_type=codepoints input=786432/1114112 input_pct=70.6  rows_new=2,727,126 rate_rows_s=42,081 round_trips=94 elapsed_s=65 status=running
[02:06:30.425] INF UnicodeDecomposer: INGEST_BATCH source=UnicodeDecomposer intents=2 rows=262148 rows_new=131072e+131072p+4a elapsed_ms=6,147 rate_rows_s=42,647 round_trips=11
INGEST_PROGRESS source=UnicodeDecomposer layer=0 unit_type=codepoints input=917504/1114112 input_pct=82.4  rows_new=2,989,274 rate_rows_s=42,129 round_trips=105 elapsed_s=71 status=running
[02:06:44.245] INF UnicodeDecomposer: INGEST_BATCH source=UnicodeDecomposer intents=2 rows=527450 rows_new=131453e+131072p+265306a elapsed_ms=13,415 rate_rows_s=39,319 round_trips=13
INGEST_PROGRESS source=UnicodeDecomposer layer=0 unit_type=codepoints input=1048576/1114112 input_pct=94.1  rows_new=3,517,105 rate_rows_s=41,487 round_trips=118 elapsed_s=85 status=running
[02:06:54.309] INF UnicodeDecomposer: INGEST_BATCH source=UnicodeDecomposer intents=1 rows=393216 rows_new=65536e+65536p+262144a elapsed_ms=9,871 rate_rows_s=39,837 round_trips=11
INGEST_PROGRESS source=UnicodeDecomposer layer=0 unit_type=codepoints input=1114112/1114112 input_pct=100.0  rows_new=3,910,321 rate_rows_s=41,230 round_trips=129 elapsed_s=95 status=running
[02:06:54.642] INF UnicodeDecomposer: INGEST_BATCH source=UnicodeDecomposer intents=2 rows=16710 rows_new=2115e+128p+7424a elapsed_ms=330 rate_rows_s=50,647 round_trips=13
[02:06:54.650] INF UnicodeDecomposer: INGEST_COMPLETE source=UnicodeDecomposer layer=0 input_done=1114112 input_total=1114112 files_done=0 files_total=0 intents=19/19 rows_new=1174017e+1114202p+1631769a elapsed_s=95.2 failed=0 status=ok
[02:06:55.070] INF Laplace.SubstrateCRUD.Npgsql.ConsensusAccumulatingWriter: consensus stage e1: 1,631,645 partial relations  4 partition(s) in 410ms (3,972,430 rel/s); fold queue depth 1
[02:07:13.053] INF Laplace.SubstrateCRUD.Npgsql.ConsensusAccumulatingWriter: consensus fold: period fold consensus_period_staging_e0001_3: 408008 relations materialized in 00:00:17.978355
[02:07:13.805] INF Laplace.SubstrateCRUD.Npgsql.ConsensusAccumulatingWriter: consensus fold: period fold consensus_period_staging_e0001_1: 407995 relations materialized in 00:00:18.731356
[02:07:13.806] INF Laplace.SubstrateCRUD.Npgsql.ConsensusAccumulatingWriter: consensus fold: period fold consensus_period_staging_e0001_0: 408387 relations materialized in 00:00:18.732207
[02:07:15.434] INF Laplace.SubstrateCRUD.Npgsql.ConsensusAccumulatingWriter: consensus fold: period fold consensus_period_staging_e0001_2: 407255 relations materialized in 00:00:20.360502
[02:07:15.450] INF Laplace.SubstrateCRUD.Npgsql.ConsensusAccumulatingWriter: consensus fold e1: 1,631,645 relations materialized across 4 partition(s) in 20,378ms (80,068 rel/s); epochs folded 1/1
