[04:07:39.093] INF OMWDecomposer: INGEST_PATH source=OMWDecomposer ecosystem_path=D:\vault\Data\omw exists=True
[04:07:43.478] INF OMWDecomposer: INGEST_START source=OMWDecomposer layer=3 unit_type=records input_units=3366222 files=1103
[04:07:51.921] INF OMWDecomposer: INGEST_BATCH source=OMWDecomposer intents=4 rows=74707 rows_new=56968e+62864p+53152a elapsed_ms=7,798 rate_rows_s=9,581 round_trips=11
INGEST_PROGRESS source=OMWDecomposer layer=3 unit_type=records input=17609/3366222 input_pct=0.5 files=0/1103 file_pct=0.0 rows_new=172,984 rate_rows_s=13,388 round_trips=11 elapsed_s=13 status=running
[04:07:58.330] INF OMWDecomposer: INGEST_BATCH source=OMWDecomposer intents=2 rows=84614 rows_new=52395e+56163p+61615a elapsed_ms=6,371 rate_rows_s=13,282 round_trips=11
INGEST_PROGRESS source=OMWDecomposer layer=3 unit_type=records input=44823/3366222 input_pct=1.3 files=0/1103 file_pct=0.0 rows_new=343,157 rate_rows_s=17,754 round_trips=22 elapsed_s=19 status=running
[04:08:03.822] INF OMWDecomposer: INGEST_BATCH source=OMWDecomposer intents=2 rows=86712 rows_new=40944e+42664p+42815a elapsed_ms=5,436 rate_rows_s=15,952 round_trips=8
INGEST_PROGRESS source=OMWDecomposer layer=3 unit_type=records input=72575/3366222 input_pct=2.2 files=0/1103 file_pct=0.0 rows_new=469,580 rate_rows_s=18,918 round_trips=30 elapsed_s=25 status=running
[04:08:11.343] INF OMWDecomposer: INGEST_BATCH source=OMWDecomposer intents=3 rows=76341 rows_new=72641e+75193p+55516a elapsed_ms=7,490 rate_rows_s=10,192 round_trips=11
INGEST_PROGRESS source=OMWDecomposer layer=3 unit_type=records input=93565/3366222 input_pct=2.8 files=0/1103 file_pct=0.0 rows_new=672,930 rate_rows_s=20,808 round_trips=41 elapsed_s=32 status=running
[04:08:20.934] INF OMWDecomposer: INGEST_BATCH source=OMWDecomposer intents=2 rows=124773 rows_new=70478e+85217p+107754a elapsed_ms=9,504 rate_rows_s=13,128 round_trips=11
INGEST_PROGRESS source=OMWDecomposer layer=3 unit_type=records input=120025/3366222 input_pct=3.6 files=0/1103 file_pct=0.0 rows_new=936,379 rate_rows_s=22,331 round_trips=52 elapsed_s=42 status=running
[04:08:28.047] INF OMWDecomposer: INGEST_BATCH source=OMWDecomposer intents=1 rows=103013 rows_new=45091e+53963p+80742a elapsed_ms=7,053 rate_rows_s=14,606 round_trips=8
INGEST_PROGRESS source=OMWDecomposer layer=3 unit_type=records input=140204/3366222 input_pct=4.2 files=0/1103 file_pct=0.0 rows_new=1,116,175 rate_rows_s=22,758 round_trips=60 elapsed_s=49 status=running
[04:08:34.732] INF OMWDecomposer: INGEST_BATCH source=OMWDecomposer intents=1 rows=101796 rows_new=40706e+47360p+71566a elapsed_ms=6,642 rate_rows_s=15,326 round_trips=8
INGEST_PROGRESS source=OMWDecomposer layer=3 unit_type=records input=160055/3366222 input_pct=4.8 files=0/1103 file_pct=0.0 rows_new=1,275,807 rate_rows_s=22,893 round_trips=68 elapsed_s=56 status=running
[04:08:41.278] INF OMWDecomposer: INGEST_BATCH source=OMWDecomposer intents=1 rows=105413 rows_new=39652e+45139p+68012a elapsed_ms=6,506 rate_rows_s=16,204 round_trips=8
INGEST_PROGRESS source=OMWDecomposer layer=3 unit_type=records input=180750/3366222 input_pct=5.4 files=0/1103 file_pct=0.0 rows_new=1,428,610 rate_rows_s=22,940 round_trips=76 elapsed_s=62 status=running
[04:08:50.290] INF OMWDecomposer: INGEST_BATCH source=OMWDecomposer intents=9 rows=120263 rows_new=63444e+70220p+75453a elapsed_ms=8,720 rate_rows_s=13,792 round_trips=11
INGEST_PROGRESS source=OMWDecomposer layer=3 unit_type=records input=205247/3366222 input_pct=6.1 files=0/1103 file_pct=0.0 rows_new=1,637,727 rate_rows_s=22,973 round_trips=87 elapsed_s=71 status=running
[04:08:58.726] INF OMWDecomposer: INGEST_BATCH source=OMWDecomposer intents=2 rows=99353 rows_new=63338e+67439p+62595a elapsed_ms=8,384 rate_rows_s=11,850 round_trips=8
INGEST_PROGRESS source=OMWDecomposer layer=3 unit_type=records input=226288/3366222 input_pct=6.7 files=0/1103 file_pct=0.0 rows_new=1,831,099 rate_rows_s=22,968 round_trips=95 elapsed_s=80 status=running
[04:09:21.875] INF OMWDecomposer: INGEST_BATCH source=OMWDecomposer intents=2 rows=317678 rows_new=121535e+199360p+246720a elapsed_ms=22,999 rate_rows_s=13,813 round_trips=11
INGEST_PROGRESS source=OMWDecomposer layer=3 unit_type=records input=288744/3366222 input_pct=8.6 files=0/1103 file_pct=0.0 rows_new=2,398,714 rate_rows_s=23,317 round_trips=106 elapsed_s=103 status=running
[04:09:39.933] INF OMWDecomposer: INGEST_BATCH source=OMWDecomposer intents=1 rows=268124 rows_new=84495e+139759p+185728a elapsed_ms=17,928 rate_rows_s=14,956 round_trips=8
INGEST_PROGRESS source=OMWDecomposer layer=3 unit_type=records input=340514/3366222 input_pct=10.1 files=0/1103 file_pct=0.0 rows_new=2,808,696 rate_rows_s=23,226 round_trips=114 elapsed_s=121 status=running
[04:09:57.599] INF OMWDecomposer: INGEST_BATCH source=OMWDecomposer intents=1 rows=270495 rows_new=80723e+126744p+169728a elapsed_ms=17,254 rate_rows_s=15,677 round_trips=8
INGEST_PROGRESS source=OMWDecomposer layer=3 unit_type=records input=392846/3366222 input_pct=11.7 files=0/1103 file_pct=0.0 rows_new=3,185,891 rate_rows_s=22,987 round_trips=122 elapsed_s=139 status=running
[04:10:15.588] INF OMWDecomposer: INGEST_BATCH source=OMWDecomposer intents=1 rows=267048 rows_new=75740e+114783p+155117a elapsed_ms=17,833 rate_rows_s=14,975 round_trips=8
INGEST_PROGRESS source=OMWDecomposer layer=3 unit_type=records input=443898/3366222 input_pct=13.2 files=0/1103 file_pct=0.0 rows_new=3,531,531 rate_rows_s=22,553 round_trips=130 elapsed_s=157 status=running
[04:10:22.490] INF OMWDecomposer: INGEST_BATCH source=OMWDecomposer intents=3 rows=116756 rows_new=47092e+47107p+62310a elapsed_ms=6,861 rate_rows_s=17,018 round_trips=11
INGEST_PROGRESS source=OMWDecomposer layer=3 unit_type=records input=466396/3366222 input_pct=13.9 files=0/1103 file_pct=0.0 rows_new=3,688,040 rate_rows_s=22,558 round_trips=141 elapsed_s=163 status=running
[04:10:39.206] INF OMWDecomposer: INGEST_BATCH source=OMWDecomposer intents=2 rows=280082 rows_new=100422e+100747p+149060a elapsed_ms=16,603 rate_rows_s=16,870 round_trips=11
INGEST_PROGRESS source=OMWDecomposer layer=3 unit_type=records input=521055/3366222 input_pct=15.5 files=0/1103 file_pct=0.0 rows_new=4,038,269 rate_rows_s=22,409 round_trips=152 elapsed_s=180 status=running
[04:10:53.115] INF OMWDecomposer: INGEST_BATCH source=OMWDecomposer intents=1 rows=242812 rows_new=77422e+77680p+118171a elapsed_ms=13,787 rate_rows_s=17,611 round_trips=8
INGEST_PROGRESS source=OMWDecomposer layer=3 unit_type=records input=567852/3366222 input_pct=16.9 files=0/1103 file_pct=0.0 rows_new=4,311,542 rate_rows_s=22,212 round_trips=160 elapsed_s=194 status=running
[04:11:06.632] INF OMWDecomposer: INGEST_BATCH source=OMWDecomposer intents=1 rows=244727 rows_new=74818e+74942p+110133a elapsed_ms=13,388 rate_rows_s=18,279 round_trips=8
INGEST_PROGRESS source=OMWDecomposer layer=3 unit_type=records input=615724/3366222 input_pct=18.3 files=0/1103 file_pct=0.0 rows_new=4,571,435 rate_rows_s=22,017 round_trips=168 elapsed_s=208 status=running
[04:11:19.881] INF OMWDecomposer: INGEST_BATCH source=OMWDecomposer intents=1 rows=246544 rows_new=71516e+71622p+104132a elapsed_ms=13,140 rate_rows_s=18,763 round_trips=8
INGEST_PROGRESS source=OMWDecomposer layer=3 unit_type=records input=663585/3366222 input_pct=19.7 files=0/1103 file_pct=0.0 rows_new=4,818,705 rate_rows_s=21,816 round_trips=176 elapsed_s=221 status=running
[04:11:27.026] INF OMWDecomposer: INGEST_BATCH source=OMWDecomposer intents=1 rows=124846 rows_new=44058e+46342p+66470a elapsed_ms=7,070 rate_rows_s=17,658 round_trips=11
INGEST_PROGRESS source=OMWDecomposer layer=3 unit_type=records input=688853/3366222 input_pct=20.5 files=0/1103 file_pct=0.0 rows_new=4,975,575 rate_rows_s=21,820 round_trips=187 elapsed_s=228 status=running
[04:11:34.407] INF OMWDecomposer: INGEST_BATCH source=OMWDecomposer intents=1 rows=126110 rows_new=39505e+41391p+55908a elapsed_ms=7,274 rate_rows_s=17,337 round_trips=8
INGEST_PROGRESS source=OMWDecomposer layer=3 unit_type=records input=714378/3366222 input_pct=21.2 files=0/1103 file_pct=0.0 rows_new=5,112,379 rate_rows_s=21,717 round_trips=195 elapsed_s=235 status=running
[04:11:41.243] INF OMWDecomposer: INGEST_BATCH source=OMWDecomposer intents=1 rows=126624 rows_new=37799e+39426p+51407a elapsed_ms=6,782 rate_rows_s=18,670 round_trips=8
INGEST_PROGRESS source=OMWDecomposer layer=3 unit_type=records input=739776/3366222 input_pct=22.0 files=0/1103 file_pct=0.0 rows_new=5,241,011 rate_rows_s=21,635 round_trips=203 elapsed_s=242 status=running
[04:11:48.002] INF OMWDecomposer: INGEST_BATCH source=OMWDecomposer intents=1 rows=127448 rows_new=37107e+38488p+48108a elapsed_ms=6,675 rate_rows_s=19,092 round_trips=8
INGEST_PROGRESS source=OMWDecomposer layer=3 unit_type=records input=766232/3366222 input_pct=22.8 files=0/1103 file_pct=0.0 rows_new=5,364,714 rate_rows_s=21,545 round_trips=211 elapsed_s=249 status=running
[04:11:57.916] INF OMWDecomposer: INGEST_BATCH source=OMWDecomposer intents=5 rows=118156 rows_new=78360e+78454p+72219a elapsed_ms=9,842 rate_rows_s=12,005 round_trips=11
INGEST_PROGRESS source=OMWDecomposer layer=3 unit_type=records input=791582/3366222 input_pct=23.5 files=0/1103 file_pct=0.0 rows_new=5,593,747 rate_rows_s=21,605 round_trips=222 elapsed_s=259 status=running
[04:12:04.836] INF OMWDecomposer: INGEST_BATCH source=OMWDecomposer intents=2 rows=122862 rows_new=40982e+41036p+61029a elapsed_ms=6,834 rate_rows_s=17,978 round_trips=8
INGEST_PROGRESS source=OMWDecomposer layer=3 unit_type=records input=815795/3366222 input_pct=24.2 files=0/1103 file_pct=0.0 rows_new=5,736,794 rate_rows_s=21,580 round_trips=230 elapsed_s=266 status=running
[04:12:09.898] INF OMWDecomposer: INGEST_BATCH source=OMWDecomposer intents=3 rows=91745 rows_new=30953e+31015p+47327a elapsed_ms=5,004 rate_rows_s=18,333 round_trips=11
INGEST_PROGRESS source=OMWDecomposer layer=3 unit_type=records input=833885/3366222 input_pct=24.8 files=0/1103 file_pct=0.0 rows_new=5,846,089 rate_rows_s=21,581 round_trips=241 elapsed_s=271 status=running
