[03:52:16.627] INF Atomic2020Decomposer: INGEST_PATH source=Atomic2020Decomposer ecosystem_path=/vault/Data/Atomic2020 exists=True
[03:52:16.632] INF Atomic2020Decomposer: INGEST_START source=Atomic2020Decomposer layer=2 unit_type=units input_units=1331113 files=0
[03:52:35.678] INF Atomic2020Decomposer: INGEST_BATCH source=Atomic2020Decomposer intents=1 rows=104007 rows_new=147443e+147692p+104007a elapsed_ms=12,825 rate_rows_s=8,109 round_trips=7
INGEST_PROGRESS source=Atomic2020Decomposer layer=2 unit_type=units input=65536/1331113 input_pct=4.9  rows_new=399,142 rate_rows_s=20,843 round_trips=7 elapsed_s=19 status=running
[03:52:46.413] INF Atomic2020Decomposer: INGEST_BATCH source=Atomic2020Decomposer intents=1 rows=104215 rows_new=113889e+113985p+86789a elapsed_ms=10,679 rate_rows_s=9,759 round_trips=8
INGEST_PROGRESS source=Atomic2020Decomposer layer=2 unit_type=units input=131072/1331113 input_pct=9.8  rows_new=713,805 rate_rows_s=23,887 round_trips=15 elapsed_s=30 status=running
[03:52:56.546] INF Atomic2020Decomposer: INGEST_BATCH source=Atomic2020Decomposer intents=1 rows=104356 rows_new=106255e+106317p+81491a elapsed_ms=10,044 rate_rows_s=10,390 round_trips=8
INGEST_PROGRESS source=Atomic2020Decomposer layer=2 unit_type=units input=196608/1331113 input_pct=14.8  rows_new=1,007,868 rate_rows_s=25,186 round_trips=23 elapsed_s=40 status=running
[03:53:06.294] INF Atomic2020Decomposer: INGEST_BATCH source=Atomic2020Decomposer intents=1 rows=104290 rows_new=101210e+101265p+78062a elapsed_ms=9,705 rate_rows_s=10,746 round_trips=8
INGEST_PROGRESS source=Atomic2020Decomposer layer=2 unit_type=units input=262144/1331113 input_pct=19.7  rows_new=1,288,405 rate_rows_s=25,890 round_trips=31 elapsed_s=50 status=running
[03:53:17.183] INF Atomic2020Decomposer: INGEST_BATCH source=Atomic2020Decomposer intents=1 rows=103815 rows_new=125020e+125062p+94723a elapsed_ms=10,831 rate_rows_s=9,585 round_trips=8
INGEST_PROGRESS source=Atomic2020Decomposer layer=2 unit_type=units input=327680/1331113 input_pct=24.6  rows_new=1,633,210 rate_rows_s=26,927 round_trips=39 elapsed_s=61 status=running
[03:53:27.137] INF Atomic2020Decomposer: INGEST_BATCH source=Atomic2020Decomposer intents=1 rows=104174 rows_new=104375e+104427p+82133a elapsed_ms=9,915 rate_rows_s=10,507 round_trips=8
INGEST_PROGRESS source=Atomic2020Decomposer layer=2 unit_type=units input=393216/1331113 input_pct=29.5  rows_new=1,924,145 rate_rows_s=27,251 round_trips=47 elapsed_s=71 status=running
[03:53:37.076] INF Atomic2020Decomposer: INGEST_BATCH source=Atomic2020Decomposer intents=1 rows=104388 rows_new=100365e+100395p+78580a elapsed_ms=9,797 rate_rows_s=10,655 round_trips=8
INGEST_PROGRESS source=Atomic2020Decomposer layer=2 unit_type=units input=458752/1331113 input_pct=34.5  rows_new=2,203,485 rate_rows_s=27,356 round_trips=55 elapsed_s=81 status=running
[03:53:46.514] INF Atomic2020Decomposer: INGEST_BATCH source=Atomic2020Decomposer intents=1 rows=104216 rows_new=96351e+96376p+75565a elapsed_ms=9,386 rate_rows_s=11,104 round_trips=8
INGEST_PROGRESS source=Atomic2020Decomposer layer=2 unit_type=units input=524288/1331113 input_pct=39.4  rows_new=2,471,777 rate_rows_s=27,469 round_trips=63 elapsed_s=90 status=running
[03:53:58.583] INF Atomic2020Decomposer: INGEST_BATCH source=Atomic2020Decomposer intents=1 rows=111848 rows_new=133335e+133371p+101538a elapsed_ms=12,005 rate_rows_s=9,316 round_trips=8
INGEST_PROGRESS source=Atomic2020Decomposer layer=2 unit_type=units input=589824/1331113 input_pct=44.3  rows_new=2,840,021 rate_rows_s=27,829 round_trips=71 elapsed_s=102 status=running
[03:54:10.012] INF Atomic2020Decomposer: INGEST_BATCH source=Atomic2020Decomposer intents=1 rows=112652 rows_new=116755e+116779p+90445a elapsed_ms=11,377 rate_rows_s=9,901 round_trips=8
INGEST_PROGRESS source=Atomic2020Decomposer layer=2 unit_type=units input=655360/1331113 input_pct=49.2  rows_new=3,164,000 rate_rows_s=27,881 round_trips=79 elapsed_s=113 status=running
[03:54:21.280] INF Atomic2020Decomposer: INGEST_BATCH source=Atomic2020Decomposer intents=1 rows=112914 rows_new=112299e+112327p+86885a elapsed_ms=11,192 rate_rows_s=10,089 round_trips=8
INGEST_PROGRESS source=Atomic2020Decomposer layer=2 unit_type=units input=720896/1331113 input_pct=54.2  rows_new=3,475,511 rate_rows_s=27,860 round_trips=87 elapsed_s=125 status=running
[03:54:32.667] INF Atomic2020Decomposer: INGEST_BATCH source=Atomic2020Decomposer intents=1 rows=113300 rows_new=110263e+110283p+85039a elapsed_ms=11,332 rate_rows_s=9,998 round_trips=8
INGEST_PROGRESS source=Atomic2020Decomposer layer=2 unit_type=units input=786432/1331113 input_pct=59.1  rows_new=3,781,096 rate_rows_s=27,774 round_trips=95 elapsed_s=136 status=running
[03:54:49.283] INF Atomic2020Decomposer: INGEST_BATCH source=Atomic2020Decomposer intents=1 rows=142647 rows_new=172748e+172806p+121788a elapsed_ms=16,525 rate_rows_s=8,632 round_trips=8
INGEST_PROGRESS source=Atomic2020Decomposer layer=2 unit_type=units input=851968/1331113 input_pct=64.0  rows_new=4,248,438 rate_rows_s=27,812 round_trips=103 elapsed_s=153 status=running
[03:55:05.245] INF Atomic2020Decomposer: INGEST_BATCH source=Atomic2020Decomposer intents=1 rows=142295 rows_new=155190e+155233p+110617a elapsed_ms=15,881 rate_rows_s=8,960 round_trips=8
INGEST_PROGRESS source=Atomic2020Decomposer layer=2 unit_type=units input=917504/1331113 input_pct=68.9  rows_new=4,669,478 rate_rows_s=27,677 round_trips=111 elapsed_s=169 status=running
[03:55:20.717] INF Atomic2020Decomposer: INGEST_BATCH source=Atomic2020Decomposer intents=1 rows=142662 rows_new=150842e+150878p+108186a elapsed_ms=15,132 rate_rows_s=9,428 round_trips=8
INGEST_PROGRESS source=Atomic2020Decomposer layer=2 unit_type=units input=983040/1331113 input_pct=73.9  rows_new=5,079,384 rate_rows_s=27,577 round_trips=119 elapsed_s=184 status=running
[03:55:35.775] INF Atomic2020Decomposer: INGEST_BATCH source=Atomic2020Decomposer intents=1 rows=142848 rows_new=148212e+148246p+106617a elapsed_ms=14,956 rate_rows_s=9,551 round_trips=8
INGEST_PROGRESS source=Atomic2020Decomposer layer=2 unit_type=units input=1048576/1331113 input_pct=78.8  rows_new=5,482,459 rate_rows_s=27,516 round_trips=127 elapsed_s=199 status=running
[03:55:41.282] INF Atomic2020Decomposer: INGEST_BATCH source=Atomic2020Decomposer intents=3 rows=52785 rows_new=53127e+53149p+36418a elapsed_ms=5,472 rate_rows_s=9,647 round_trips=8
INGEST_PROGRESS source=Atomic2020Decomposer layer=2 unit_type=units input=1068743/1331113 input_pct=80.3  rows_new=5,625,153 rate_rows_s=27,473 round_trips=135 elapsed_s=205 status=running
[03:55:48.164] INF Atomic2020Decomposer: INGEST_BATCH source=Atomic2020Decomposer intents=2 rows=64936 rows_new=69751e+69771p+51643a elapsed_ms=6,823 rate_rows_s=9,518 round_trips=8
INGEST_PROGRESS source=Atomic2020Decomposer layer=2 unit_type=units input=1102206/1331113 input_pct=82.8  rows_new=5,816,318 rate_rows_s=27,483 round_trips=143 elapsed_s=212 status=running
[03:55:56.514] INF Atomic2020Decomposer: INGEST_BATCH source=Atomic2020Decomposer intents=2 rows=88946 rows_new=84848e+84855p+65883a elapsed_ms=8,287 rate_rows_s=10,733 round_trips=8
INGEST_PROGRESS source=Atomic2020Decomposer layer=2 unit_type=units input=1153077/1331113 input_pct=86.6  rows_new=6,051,904 rate_rows_s=27,511 round_trips=151 elapsed_s=220 status=running
[03:56:08.782] INF Atomic2020Decomposer: INGEST_BATCH source=Atomic2020Decomposer intents=2 rows=114251 rows_new=117845e+117855p+89727a elapsed_ms=12,205 rate_rows_s=9,361 round_trips=8
INGEST_PROGRESS source=Atomic2020Decomposer layer=2 unit_type=units input=1216518/1331113 input_pct=91.4  rows_new=6,377,331 rate_rows_s=27,459 round_trips=159 elapsed_s=232 status=running
[03:56:15.907] INF Atomic2020Decomposer: INGEST_BATCH source=Atomic2020Decomposer intents=1 rows=69785 rows_new=69241e+69251p+52821a elapsed_ms=7,101 rate_rows_s=9,827 round_trips=8
INGEST_PROGRESS source=Atomic2020Decomposer layer=2 unit_type=units input=1254317/1331113 input_pct=94.2  rows_new=6,568,644 rate_rows_s=27,441 round_trips=167 elapsed_s=239 status=running
[03:56:22.987] INF Atomic2020Decomposer: INGEST_BATCH source=Atomic2020Decomposer intents=1 rows=71034 rows_new=68896e+68908p+52421a elapsed_ms=7,054 rate_rows_s=10,070 round_trips=8
INGEST_PROGRESS source=Atomic2020Decomposer layer=2 unit_type=units input=1292940/1331113 input_pct=97.1  rows_new=6,758,869 rate_rows_s=27,424 round_trips=175 elapsed_s=246 status=running
[03:56:29.890] INF Atomic2020Decomposer: INGEST_BATCH source=Atomic2020Decomposer intents=1 rows=70582 rows_new=67580e+67591p+51156a elapsed_ms=6,824 rate_rows_s=10,343 round_trips=8
INGEST_PROGRESS source=Atomic2020Decomposer layer=2 unit_type=units input=1331113/1331113 input_pct=100.0  rows_new=6,945,196 rate_rows_s=27,412 round_trips=183 elapsed_s=253 status=running
[03:56:29.898] INF Atomic2020Decomposer: INGEST_COMPLETE source=Atomic2020Decomposer layer=2 input_done=1331113 input_total=1331113 files_done=0 files_total=0 intents=28/28 rows_new=2525840e+2526822p+1892534a elapsed_s=253.4 failed=0 status=ok
[03:56:30.418] INF Laplace.SubstrateCRUD.Npgsql.ConsensusAccumulatingWriter: consensus stage e1: 1,892,548 partial relations → 4 partition(s) in 510ms (3,706,755 rel/s); fold queue depth 1
[03:57:13.721] INF Laplace.SubstrateCRUD.Npgsql.ConsensusAccumulatingWriter: consensus fold: period fold consensus_period_staging_e0001_1: 472005 relations materialized in 00:00:43.296433
[03:57:14.098] INF Laplace.SubstrateCRUD.Npgsql.ConsensusAccumulatingWriter: consensus fold: period fold consensus_period_staging_e0001_3: 472395 relations materialized in 00:00:43.675679
[03:57:14.647] INF Laplace.SubstrateCRUD.Npgsql.ConsensusAccumulatingWriter: consensus fold: period fold consensus_period_staging_e0001_2: 473786 relations materialized in 00:00:44.224506
[03:57:17.233] INF Laplace.SubstrateCRUD.Npgsql.ConsensusAccumulatingWriter: consensus fold: period fold consensus_period_staging_e0001_0: 474362 relations materialized in 00:00:46.811277
[03:57:17.257] INF Laplace.SubstrateCRUD.Npgsql.ConsensusAccumulatingWriter: consensus fold e1: 1,892,548 relations materialized across 4 partition(s) in 46,835ms (40,408 rel/s); epochs folded 1/1
