[03:50:00.153] INF UnicodeDecomposer: INGEST_PATH source=UnicodeDecomposer ecosystem_path=/vault/Data/UCD/Public/UCD/latest exists=True
[03:50:00.157] INF UnicodeDecomposer: INGEST_START source=UnicodeDecomposer layer=0 unit_type=codepoints input_units=1114112 files=0
[03:50:11.934] INF UnicodeDecomposer: INGEST_BATCH source=UnicodeDecomposer intents=1 rows=510501 rows_new=88232e+65498p+379422a elapsed_ms=11,040 rate_rows_s=46,241 round_trips=13
INGEST_PROGRESS source=UnicodeDecomposer layer=0 unit_type=codepoints input=65536/1114112 input_pct=5.9  rows_new=533,152 rate_rows_s=44,517 round_trips=13 elapsed_s=12 status=running
[03:50:21.902] INF UnicodeDecomposer: INGEST_BATCH source=UnicodeDecomposer intents=1 rows=359612 rows_new=99172e+65536p+228232a elapsed_ms=9,638 rate_rows_s=37,313 round_trips=13
INGEST_PROGRESS source=UnicodeDecomposer layer=0 unit_type=codepoints input=131072/1114112 input_pct=11.8  rows_new=926,092 rate_rows_s=42,204 round_trips=26 elapsed_s=22 status=running
[03:50:33.125] INF UnicodeDecomposer: INGEST_BATCH source=UnicodeDecomposer intents=1 rows=449340 rows_new=66613e+65536p+317841a elapsed_ms=11,005 rate_rows_s=40,830 round_trips=13
INGEST_PROGRESS source=UnicodeDecomposer layer=0 unit_type=codepoints input=196608/1114112 input_pct=17.6  rows_new=1,376,082 rate_rows_s=41,491 round_trips=39 elapsed_s=33 status=running
[03:50:40.489] INF UnicodeDecomposer: INGEST_BATCH source=UnicodeDecomposer intents=1 rows=302452 rows_new=65536e+65536p+171380a elapsed_ms=7,208 rate_rows_s=41,960 round_trips=11
INGEST_PROGRESS source=UnicodeDecomposer layer=0 unit_type=codepoints input=262144/1114112 input_pct=23.5  rows_new=1,678,534 rate_rows_s=41,414 round_trips=50 elapsed_s=41 status=running
[03:50:46.476] INF UnicodeDecomposer: INGEST_BATCH source=UnicodeDecomposer intents=2 rows=262148 rows_new=131072e+131072p+4a elapsed_ms=5,985 rate_rows_s=43,800 round_trips=11
INGEST_PROGRESS source=UnicodeDecomposer layer=0 unit_type=codepoints input=393216/1114112 input_pct=35.3  rows_new=1,940,682 rate_rows_s=41,719 round_trips=61 elapsed_s=47 status=running
[03:50:52.348] INF UnicodeDecomposer: INGEST_BATCH source=UnicodeDecomposer intents=2 rows=262148 rows_new=131072e+131072p+4a elapsed_ms=5,870 rate_rows_s=44,657 round_trips=11
INGEST_PROGRESS source=UnicodeDecomposer layer=0 unit_type=codepoints input=524288/1114112 input_pct=47.1  rows_new=2,202,830 rate_rows_s=42,047 round_trips=72 elapsed_s=52 status=running
[03:50:58.580] INF UnicodeDecomposer: INGEST_BATCH source=UnicodeDecomposer intents=2 rows=262148 rows_new=131072e+131072p+4a elapsed_ms=6,230 rate_rows_s=42,078 round_trips=11
INGEST_PROGRESS source=UnicodeDecomposer layer=0 unit_type=codepoints input=655360/1114112 input_pct=58.8  rows_new=2,464,978 rate_rows_s=42,049 round_trips=83 elapsed_s=59 status=running
[03:51:04.447] INF UnicodeDecomposer: INGEST_BATCH source=UnicodeDecomposer intents=2 rows=262148 rows_new=131072e+131072p+4a elapsed_ms=5,864 rate_rows_s=44,701 round_trips=11
INGEST_PROGRESS source=UnicodeDecomposer layer=0 unit_type=codepoints input=786432/1114112 input_pct=70.6  rows_new=2,727,126 rate_rows_s=42,288 round_trips=94 elapsed_s=64 status=running
[03:51:10.467] INF UnicodeDecomposer: INGEST_BATCH source=UnicodeDecomposer intents=2 rows=262148 rows_new=131072e+131072p+4a elapsed_ms=6,018 rate_rows_s=43,563 round_trips=11
INGEST_PROGRESS source=UnicodeDecomposer layer=0 unit_type=codepoints input=917504/1114112 input_pct=82.4  rows_new=2,989,274 rate_rows_s=42,396 round_trips=105 elapsed_s=71 status=running
[03:51:24.109] INF UnicodeDecomposer: INGEST_BATCH source=UnicodeDecomposer intents=2 rows=527450 rows_new=131453e+131072p+265306a elapsed_ms=13,232 rate_rows_s=39,861 round_trips=13
INGEST_PROGRESS source=UnicodeDecomposer layer=0 unit_type=codepoints input=1048576/1114112 input_pct=94.1  rows_new=3,517,105 rate_rows_s=41,795 round_trips=118 elapsed_s=84 status=running
[03:51:34.534] INF UnicodeDecomposer: INGEST_BATCH source=UnicodeDecomposer intents=1 rows=393216 rows_new=65536e+65536p+262144a elapsed_ms=10,271 rate_rows_s=38,285 round_trips=11
INGEST_PROGRESS source=UnicodeDecomposer layer=0 unit_type=codepoints input=1114112/1114112 input_pct=100.0  rows_new=3,910,321 rate_rows_s=41,346 round_trips=129 elapsed_s=95 status=running
[03:51:34.802] INF UnicodeDecomposer: INGEST_BATCH source=UnicodeDecomposer intents=2 rows=16710 rows_new=2115e+128p+7424a elapsed_ms=264 rate_rows_s=63,243 round_trips=13
[03:51:34.810] INF UnicodeDecomposer: INGEST_COMPLETE source=UnicodeDecomposer layer=0 input_done=1114112 input_total=1114112 files_done=0 files_total=0 intents=19/19 rows_new=1174017e+1114202p+1631769a elapsed_s=94.9 failed=0 status=ok
[03:51:35.361] INF Laplace.SubstrateCRUD.Npgsql.ConsensusAccumulatingWriter: consensus stage e1: 1,631,645 partial relations → 4 partition(s) in 541ms (3,013,598 rel/s); fold queue depth 1
[03:51:53.166] INF Laplace.SubstrateCRUD.Npgsql.ConsensusAccumulatingWriter: consensus fold: period fold consensus_period_staging_e0001_1: 407995 relations materialized in 00:00:17.799695
[03:51:53.754] INF Laplace.SubstrateCRUD.Npgsql.ConsensusAccumulatingWriter: consensus fold: period fold consensus_period_staging_e0001_2: 407255 relations materialized in 00:00:18.387751
[03:51:54.015] INF Laplace.SubstrateCRUD.Npgsql.ConsensusAccumulatingWriter: consensus fold: period fold consensus_period_staging_e0001_0: 408387 relations materialized in 00:00:18.648532
[03:51:55.817] INF Laplace.SubstrateCRUD.Npgsql.ConsensusAccumulatingWriter: consensus fold: period fold consensus_period_staging_e0001_3: 408008 relations materialized in 00:00:20.451551
[03:51:55.844] INF Laplace.SubstrateCRUD.Npgsql.ConsensusAccumulatingWriter: consensus fold e1: 1,631,645 relations materialized across 4 partition(s) in 20,479ms (79,674 rel/s); epochs folded 1/1
