[04:05:09.461] INF WordNetDecomposer: INGEST_PATH source=WordNetDecomposer ecosystem_path=/vault/Data/Wordnet exists=True
[04:05:09.507] INF WordNetDecomposer: INGEST_START source=WordNetDecomposer layer=2 unit_type=synsets input_units=117659 files=4
[04:05:49.859] INF WordNetDecomposer: INGEST_BATCH source=WordNetDecomposer intents=1 rows=545358 rows_new=245471e+273361p+545358a elapsed_ms=34,838 rate_rows_s=15,654 round_trips=7
INGEST_PROGRESS source=WordNetDecomposer layer=2 unit_type=synsets input=65536/117659 input_pct=55.7 files=0/4 file_pct=0.0 rows_new=1,064,190 rate_rows_s=26,279 round_trips=7 elapsed_s=40 status=running
[04:06:18.429] INF WordNetDecomposer: INGEST_BATCH source=WordNetDecomposer intents=1 rows=491091 rows_new=195877e+202439p+460237a elapsed_ms=28,076 rate_rows_s=17,492 round_trips=8
INGEST_PROGRESS source=WordNetDecomposer layer=2 unit_type=synsets input=117659/117659 input_pct=100.0 files=0/4 file_pct=0.0 rows_new=1,922,743 rate_rows_s=27,839 round_trips=15 elapsed_s=69 status=running
[04:06:29.878] INF WordNetDecomposer: INGEST_BATCH source=WordNetDecomposer intents=1 rows=193912 rows_new=78196e+78744p+193912a elapsed_ms=11,337 rate_rows_s=17,105 round_trips=7
INGEST_PROGRESS source=WordNetDecomposer layer=2 unit_type=synsets input=117659/117659 input_pct=100.0 files=0/4 file_pct=0.0 current=wordnet/sense-0 rows_new=2,273,595 rate_rows_s=28,239 round_trips=22 elapsed_s=81 status=running
[04:06:42.208] INF WordNetDecomposer: INGEST_BATCH source=WordNetDecomposer intents=1 rows=193800 rows_new=82117e+82493p+193800a elapsed_ms=11,818 rate_rows_s=16,398 round_trips=7
INGEST_PROGRESS source=WordNetDecomposer layer=2 unit_type=synsets input=117659/117659 input_pct=100.0 files=0/4 file_pct=0.0 current=wordnet/sense-1 rows_new=2,632,005 rate_rows_s=28,349 round_trips=29 elapsed_s=93 status=running
[04:06:53.384] INF WordNetDecomposer: INGEST_BATCH source=WordNetDecomposer intents=1 rows=193468 rows_new=71598e+71830p+193468a elapsed_ms=11,075 rate_rows_s=17,469 round_trips=7
INGEST_PROGRESS source=WordNetDecomposer layer=2 unit_type=synsets input=117659/117659 input_pct=100.0 files=0/4 file_pct=0.0 current=wordnet/sense-2 rows_new=2,968,901 rate_rows_s=28,541 round_trips=36 elapsed_s=104 status=running
[04:06:55.832] INF WordNetDecomposer: INGEST_BATCH source=WordNetDecomposer intents=3 rows=38983 rows_new=16760e+16985p+38983a elapsed_ms=2,432 rate_rows_s=16,026 round_trips=7
INGEST_PROGRESS source=WordNetDecomposer layer=2 unit_type=synsets input=117659/117659 input_pct=100.0 files=0/4 file_pct=0.0 current=wordnet/sents-0 rows_new=3,041,629 rate_rows_s=28,568 round_trips=43 elapsed_s=106 status=running
[04:06:55.840] INF WordNetDecomposer: INGEST_COMPLETE source=WordNetDecomposer layer=2 input_done=117659 input_total=117659 files_done=0 files_total=4 intents=8/8 rows_new=690019e+725852p+1625758a elapsed_s=106.5 failed=0 status=ok
[04:06:56.292] INF Laplace.SubstrateCRUD.Npgsql.ConsensusAccumulatingWriter: consensus stage e1: 1,625,794 partial relations → 4 partition(s) in 443ms (3,668,671 rel/s); fold queue depth 1
[04:07:30.389] INF Laplace.SubstrateCRUD.Npgsql.ConsensusAccumulatingWriter: consensus fold: period fold consensus_period_staging_e0001_1: 405942 relations materialized in 00:00:34.089521
[04:07:30.730] INF Laplace.SubstrateCRUD.Npgsql.ConsensusAccumulatingWriter: consensus fold: period fold consensus_period_staging_e0001_2: 406128 relations materialized in 00:00:34.431948
[04:07:30.905] INF Laplace.SubstrateCRUD.Npgsql.ConsensusAccumulatingWriter: consensus fold: period fold consensus_period_staging_e0001_0: 407287 relations materialized in 00:00:34.606364
[04:07:33.241] INF Laplace.SubstrateCRUD.Npgsql.ConsensusAccumulatingWriter: consensus fold: period fold consensus_period_staging_e0001_3: 406437 relations materialized in 00:00:36.943392
[04:07:33.275] INF Laplace.SubstrateCRUD.Npgsql.ConsensusAccumulatingWriter: consensus fold e1: 1,625,794 relations materialized across 4 partition(s) in 36,978ms (43,966 rel/s); epochs folded 1/1
