==== iso639        exit=0 elapsed_s=5       peak_rss_gb=0.23 ====
==== wordnet       exit=0 elapsed_s=138.2   peak_rss_gb=1.42 ====
==== omw           exit=0 elapsed_s=971.1   peak_rss_gb=3.86 ====
==== verbnet       exit=0 elapsed_s=10      peak_rss_gb=0.3 ====
==== propbank      exit=0 elapsed_s=49      peak_rss_gb=0.47 ====
==== framenet      exit=0 elapsed_s=141     peak_rss_gb=1.25 ====
==== semlink       exit=0 elapsed_s=75.5    peak_rss_gb=0.2 ====
==== atomic2020    exit=0 elapsed_s=306.7   peak_rss_gb=2.33 ====
==== ud            exit=-1073741819 elapsed_s=1022.8  peak_rss_gb=11.51 ====
  STOP: ud failed (exit -1073741819) — see D:\Repositories\Laplace\.ingest-proof\p8-09-ud.log
==== SUBSTRATE AUDIT ====
entities=12420106
entities/codepoint (T0)=1114074
entities/compositional (T1-T4)=4795629
entities/vocabulary (tier 0)=139
physicalities=13232332
physicalities/content=13232332
attestations (evidence)=29981587
consensus (relations)=28534289
==== PHASE 8 SUMMARY ====
source	exit	elapsed_s	peak_rss_gb	readback
unicode	B2: dropped 10 secondary physicalities index(es) (incl. coord GiST + trajectory GIN) for index-free bulk load (empty table); rebuilt after apply ingest UnicodeDecomposer via IngestRunner  Host=localhost;Username=postgres;Password=postgres;Database=laplace;Include Error Detail=true;Search Path=laplace,public ... [21:56:26.917] INF UnicodeDecomposer: INGEST_PATH source=UnicodeDecomposer ecosystem_path=/vault/Data/UCD/Public/UCD/latest exists=True [21:56:26.921] INF UnicodeDecomposer: INGEST_START source=UnicodeDecomposer layer=0 unit_type=codepoints input_units=1114112 files=0 [21:56:42.917] INF UnicodeDecomposer: INGEST_BATCH source=UnicodeDecomposer intents=1 rows=510501 rows_new=88232e+65498p+379422a elapsed_ms=15,248 rate_rows_s=33,479 round_trips=13 INGEST_PROGRESS source=UnicodeDecomposer layer=0 unit_type=codepoints input=65536/1114112 input_pct=5.9  rows_new=533,152 rate_rows_s=32,924 round_trips=13 elapsed_s=16 status=running [21:56:55.547] INF UnicodeDecomposer: INGEST_BATCH source=UnicodeDecomposer intents=1 rows=359612 rows_new=99172e+65536p+228232a elapsed_ms=12,081 rate_rows_s=29,766 round_trips=13 INGEST_PROGRESS source=UnicodeDecomposer layer=0 unit_type=codepoints input=131072/1114112 input_pct=11.8  rows_new=926,092 rate_rows_s=32,131 round_trips=26 elapsed_s=29 status=running [21:57:10.030] INF UnicodeDecomposer: INGEST_BATCH source=UnicodeDecomposer intents=1 rows=449340 rows_new=66613e+65536p+317841a elapsed_ms=14,208 rate_rows_s=31,625 round_trips=13 INGEST_PROGRESS source=UnicodeDecomposer layer=0 unit_type=codepoints input=196608/1114112 input_pct=17.6  rows_new=1,376,082 rate_rows_s=31,776 round_trips=39 elapsed_s=43 status=running [21:57:19.306] INF UnicodeDecomposer: INGEST_BATCH source=UnicodeDecomposer intents=1 rows=302452 rows_new=65536e+65536p+171380a elapsed_ms=9,052 rate_rows_s=33,415 round_trips=11 INGEST_PROGRESS source=UnicodeDecomposer layer=0 unit_type=codepoints input=262144/1114112 input_pct=23.5  rows_new=1,678,534 rate_rows_s=31,922 round_trips=50 elapsed_s=53 status=running [21:57:27.126] INF UnicodeDecomposer: INGEST_BATCH source=UnicodeDecomposer intents=2 rows=262148 rows_new=131072e+131072p+4a elapsed_ms=7,818 rate_rows_s=33,530 round_trips=11 INGEST_PROGRESS source=UnicodeDecomposer layer=0 unit_type=codepoints input=393216/1114112 input_pct=35.3  rows_new=1,940,682 rate_rows_s=32,130 round_trips=61 elapsed_s=60 status=running [21:57:34.756] INF UnicodeDecomposer: INGEST_BATCH source=UnicodeDecomposer intents=2 rows=262148 rows_new=131072e+131072p+4a elapsed_ms=7,629 rate_rows_s=34,364 round_trips=11 INGEST_PROGRESS source=UnicodeDecomposer layer=0 unit_type=codepoints input=524288/1114112 input_pct=47.1  rows_new=2,202,830 rate_rows_s=32,379 round_trips=72 elapsed_s=68 status=running [21:57:41.483] INF UnicodeDecomposer: INGEST_BATCH source=UnicodeDecomposer intents=2 rows=262148 rows_new=131072e+131072p+4a elapsed_ms=6,726 rate_rows_s=38,973 round_trips=11 INGEST_PROGRESS source=UnicodeDecomposer layer=0 unit_type=codepoints input=655360/1114112 input_pct=58.8  rows_new=2,464,978 rate_rows_s=32,972 round_trips=83 elapsed_s=75 status=running [21:57:47.827] INF UnicodeDecomposer: INGEST_BATCH source=UnicodeDecomposer intents=2 rows=262148 rows_new=131072e+131072p+4a elapsed_ms=6,343 rate_rows_s=41,329 round_trips=11 INGEST_PROGRESS source=UnicodeDecomposer layer=0 unit_type=codepoints input=786432/1114112 input_pct=70.6  rows_new=2,727,126 rate_rows_s=33,625 round_trips=94 elapsed_s=81 status=running [21:57:53.963] INF UnicodeDecomposer: INGEST_BATCH source=UnicodeDecomposer intents=2 rows=262148 rows_new=131072e+131072p+4a elapsed_ms=6,135 rate_rows_s=42,733 round_trips=11 INGEST_PROGRESS source=UnicodeDecomposer layer=0 unit_type=codepoints input=917504/1114112 input_pct=82.4  rows_new=2,989,274 rate_rows_s=34,266 round_trips=105 elapsed_s=87 status=running [21:58:07.842] INF UnicodeDecomposer: INGEST_BATCH source=UnicodeDecomposer intents=2 rows=527450 rows_new=131453e+131072p+265306a elapsed_ms=13,182 rate_rows_s=40,014 round_trips=13 INGEST_PROGRESS source=UnicodeDecomposer layer=0 unit_type=codepoints input=1048576/1114112 input_pct=94.1  rows_new=3,517,105 rate_rows_s=34,782 round_trips=118 elapsed_s=101 status=running [21:58:17.761] INF UnicodeDecomposer: INGEST_BATCH source=UnicodeDecomposer intents=1 rows=393216 rows_new=65536e+65536p+262144a elapsed_ms=9,794 rate_rows_s=40,149 round_trips=11 INGEST_PROGRESS source=UnicodeDecomposer layer=0 unit_type=codepoints input=1114112/1114112 input_pct=100.0  rows_new=3,910,321 rate_rows_s=35,217 round_trips=129 elapsed_s=111 status=running [21:58:18.027] INF UnicodeDecomposer: INGEST_BATCH source=UnicodeDecomposer intents=2 rows=16710 rows_new=2115e+128p+7424a elapsed_ms=263 rate_rows_s=63,477 round_trips=13 done: 19 intents applied, 1,174,017 novel entities, 1,114,202 physicalities, 142 round-trips, 111.3s [21:58:18.034] INF UnicodeDecomposer: INGEST_COMPLETE source=UnicodeDecomposer layer=0 input_done=1114112 input_total=1114112 files_done=0 files_total=0 intents=19/19 rows_new=1174017e+1114202p+1631769a elapsed_s=111.3 failed=0 status=ok registered 1,081 canonical names consensus: folding 1,631,861 matches across 4 partition(s) ... [21:58:18.430] INF Laplace.SubstrateCRUD.Npgsql.ConsensusAccumulatingWriter: consensus stage e1: 1,631,645 partial relations  4 partition(s) in 386ms (4,224,078 rel/s); fold queue depth 1 [21:58:34.763] INF Laplace.SubstrateCRUD.Npgsql.ConsensusAccumulatingWriter: consensus fold: period fold consensus_period_staging_e0001_1: 407995 relations materialized in 00:00:16.329785 [21:58:35.428] INF Laplace.SubstrateCRUD.Npgsql.ConsensusAccumulatingWriter: consensus fold: period fold consensus_period_staging_e0001_0: 408387 relations materialized in 00:00:16.994994 [21:58:35.596] INF Laplace.SubstrateCRUD.Npgsql.ConsensusAccumulatingWriter: consensus fold: period fold consensus_period_staging_e0001_3: 408008 relations materialized in 00:00:17.162956 [21:58:37.220] INF Laplace.SubstrateCRUD.Npgsql.ConsensusAccumulatingWriter: consensus fold: period fold consensus_period_staging_e0001_2: 407255 relations materialized in 00:00:18.787908 [21:58:37.242] INF Laplace.SubstrateCRUD.Npgsql.ConsensusAccumulatingWriter: consensus fold e1: 1,631,645 relations materialized across 4 partition(s) in 18,810ms (86,740 rel/s); epochs folded 1/1 consensus: 1,631,645 relations materialized (accumulated at ingest; evidence = provenance-only) B2: rebuilding 10 secondary physicalities index(es) (coord GiST via Hilbert-packed bulk build) ... B2: secondary physicalities indexes rebuilt in 11.6s substrate counts:   entities                :    1,175,298   entities/codepoint (T0) :    1,114,074   entities/compositional (T1-T4):       59,808   entities/vocabulary (tier 0):          128   physicalities           :    1,174,010   physicalities/content   :    1,174,010   attestations (evidence) :    1,631,807   consensus (relations)   :    1,631,645   witness [UnicodeDecomposer] L0: 1,631,806 attestations, 1,174,010 content, layer_complete=True   check U+0041 'A':     render  : A  tier=1     coord   : (0.003966, 0.104601, 0.993832, 0.036618) 0	146.1	1.87	 check U+0041 'A':
iso639	0	5	0.23	check languages: 184 ISO code attestations
wordnet	0	138.2	1.42	check wordnet/dog: id_ok=True senses=8 IS_A=89,124 HAS_SENSE=202,359
omw	0	971.1	3.86	check omw: HAS_DEFINITION=404,291
verbnet	0	10	0.3	check verbnet: HAS_VERB_FRAME=1,534 HAS_THEMATIC_ROLE=1,006
propbank	0	49	0.47	check propbank: HAS_SEMANTIC_ROLE=28,596 HAS_SENSE=11,197
framenet	0	141	1.25	check framenet: HAS_FRAME_ELEMENT=11,428
semlink	0	75.5	0.2	check semlink: CORRESPONDS_TO=6,631
atomic2020	0	306.7	2.33	check atomic: CAUSES=376 X_WANT=134,245
ud	-1073741819	1022.8	11.51	(no readback)
